<?xml version="1.0" encoding="UTF-8"?>
<robot generator="Robot 4.1.3 (Python 3.9.7 on win32)" generated="20220131 17:58:35.120" rpa="false" schemaversion="2">
<suite id="s1" name="LoginTest" source="C:\Users\chidv\PycharmProjects\JV_Robot_DataDriven\Testcases\LoginTest.robot">
<test id="s1-t1" name="Login Test">
<kw name="Open my Browser" library="LoginKeyword">
<arg>${SiteUrl}</arg>
<arg>${Browser}</arg>
<kw name="Open Browser" library="SeleniumLibrary">
<arg>${SiteUrl}</arg>
<arg>${Browser}</arg>
<doc>Opens a new browser instance to the optional ``url``.</doc>
<msg timestamp="20220131 17:58:35.338" level="INFO">Opening browser 'headlessFirefox' to base url 'https://admin-demo.nopcommerce.com/'.</msg>
<msg timestamp="20220131 17:58:35.338" level="INFO">Firefox driver log is always forced to to: C:\Users\chidv\PycharmProjects\JV_Robot_DataDriven\Testcases\geckodriver-1.log</msg>
<status status="PASS" starttime="20220131 17:58:35.338" endtime="20220131 17:58:43.956"/>
</kw>
<kw name="Maximize Browser Window" library="SeleniumLibrary">
<doc>Maximizes current browser window.</doc>
<status status="PASS" starttime="20220131 17:58:43.956" endtime="20220131 17:58:43.956"/>
</kw>
<status status="PASS" starttime="20220131 17:58:35.338" endtime="20220131 17:58:43.956"/>
</kw>
<kw name="Enter UserName" library="LoginKeyword">
<arg>${user}</arg>
<kw name="Input Text" library="SeleniumLibrary">
<arg>${txt_loginUserName}</arg>
<arg>${username}</arg>
<doc>Types the given ``text`` into the text field identified by ``locator``.</doc>
<msg timestamp="20220131 17:58:43.956" level="INFO">Typing text 'admin@yourstore.com' into text field 'id:Email'.</msg>
<status status="PASS" starttime="20220131 17:58:43.956" endtime="20220131 17:58:44.009"/>
</kw>
<status status="PASS" starttime="20220131 17:58:43.956" endtime="20220131 17:58:44.009"/>
</kw>
<kw name="Enter Password" library="LoginKeyword">
<arg>${pwd}</arg>
<kw name="Input Text" library="SeleniumLibrary">
<arg>${txt_password}</arg>
<arg>${password}</arg>
<doc>Types the given ``text`` into the text field identified by ``locator``.</doc>
<msg timestamp="20220131 17:58:44.009" level="INFO">Typing text 'admin' into text field 'id:Password'.</msg>
<status status="PASS" starttime="20220131 17:58:44.009" endtime="20220131 17:58:44.025"/>
</kw>
<status status="PASS" starttime="20220131 17:58:44.009" endtime="20220131 17:58:44.025"/>
</kw>
<kw name="Click SignIn" library="LoginKeyword">
<kw name="Click Button" library="SeleniumLibrary">
<arg>${btn_signIn}</arg>
<doc>Clicks the button identified by ``locator``.</doc>
<msg timestamp="20220131 17:58:44.025" level="INFO">Clicking button 'xpath://button[text()='Log in']'.</msg>
<status status="PASS" starttime="20220131 17:58:44.025" endtime="20220131 17:58:49.276"/>
</kw>
<status status="PASS" starttime="20220131 17:58:44.025" endtime="20220131 17:58:49.276"/>
</kw>
<kw name="Verify Successful Login" library="LoginKeyword">
<kw name="Title Should Be" library="SeleniumLibrary">
<arg>Dashboard / nopCommerce administration</arg>
<doc>Verifies that the current page title equals ``title``.</doc>
<kw name="Capture Page Screenshot" library="SeleniumLibrary">
<doc>Takes a screenshot of the current page and embeds it into a log file.</doc>
<msg timestamp="20220131 17:58:49.314" level="INFO" html="true">&lt;/td&gt;&lt;/tr&gt;&lt;tr&gt;&lt;td colspan="3"&gt;&lt;a href="selenium-screenshot-1.png"&gt;&lt;img src="selenium-screenshot-1.png" width="800px"&gt;&lt;/a&gt;</msg>
<status status="PASS" starttime="20220131 17:58:49.276" endtime="20220131 17:58:49.314"/>
</kw>
<msg timestamp="20220131 17:58:49.330" level="FAIL">Title should have been 'Dashboard / nopCommerce administration' but was 'Your store. Login'.</msg>
<status status="FAIL" starttime="20220131 17:58:49.276" endtime="20220131 17:58:49.330"/>
</kw>
<status status="FAIL" starttime="20220131 17:58:49.276" endtime="20220131 17:58:49.330"/>
</kw>
<kw name="close my browser" library="LoginKeyword">
<status status="NOT RUN" starttime="20220131 17:58:49.330" endtime="20220131 17:58:49.330"/>
</kw>
<status status="FAIL" starttime="20220131 17:58:35.338" endtime="20220131 17:58:49.345">Title should have been 'Dashboard / nopCommerce administration' but was 'Your store. Login'.</status>
</test>
<status status="FAIL" starttime="20220131 17:58:35.120" endtime="20220131 17:58:49.345"/>
</suite>
<statistics>
<total>
<stat pass="0" fail="1" skip="0">All Tests</stat>
</total>
<tag>
</tag>
<suite>
<stat pass="0" fail="1" skip="0" id="s1" name="LoginTest">LoginTest</stat>
</suite>
</statistics>
<errors>
</errors>
</robot>
